<?xml version="1.0" encoding="UTF-8"?>
<!-- Generated by org.testng.reporters.JUnitReportReporter -->
<testsuite hostname="Apples-MacBook-Pro.local" failures="0" tests="8" name="anfas_main_classes_for_all_modules.project_manager" time="125.639" errors="0" timestamp="2025-05-26T15:30:50 IST" skipped="2">
  <testcase classname="anfas_main_classes_for_all_modules.project_manager" name="login" time="5.741"/>
  <system-out/>
  <testcase classname="anfas_main_classes_for_all_modules.project_manager" name="clicksidemenubarandbeneficiarybutton" time="24.133"/>
  <system-out/>
  <testcase classname="anfas_main_classes_for_all_modules.project_manager" name="clickprojectmanagerbutton" time="1.164">
    <skipped/>
  </testcase> <!-- clickprojectmanagerbutton -->
  <system-out/>
  <testcase classname="anfas_main_classes_for_all_modules.project_manager" name="clickprojectmanagerbutton" time="0.103"/>
  <system-out/>
  <testcase classname="anfas_main_classes_for_all_modules.project_manager" name="clicknewbeneficiarybutton" time="5.118"/>
  <system-out/>
  <testcase classname="anfas_main_classes_for_all_modules.project_manager" name="project_manageruploadimage" time="14.144"/>
  <system-out/>
  <testcase classname="anfas_main_classes_for_all_modules.project_manager" name="addfirstname" time="0.199"/>
  <system-out/>
  <testcase classname="anfas_main_classes_for_all_modules.project_manager" name="addlastname" time="75.037">
    <skipped/>
  </testcase> <!-- addlastname -->
  <system-out/>
</testsuite> <!-- anfas_main_classes_for_all_modules.project_manager -->
