<?xml version="1.0" encoding="UTF-8"?>
<!-- Generated by org.testng.reporters.JUnitReportReporter -->
<testsuite hostname="Apples-MacBook-Pro.local" failures="0" tests="9" name="anfas_main_classes_for_all_modules.Beneficiary" time="111.745" errors="1" timestamp="2025-05-26T15:30:50 IST" skipped="2">
  <testcase classname="anfas_main_classes_for_all_modules.Beneficiary" name="login" time="10.451"/>
  <system-out/>
  <testcase classname="anfas_main_classes_for_all_modules.Beneficiary" name="clicksidemenubarandbeneficiarybutton" time="20.076"/>
  <system-out/>
  <testcase classname="anfas_main_classes_for_all_modules.Beneficiary" name="clickbeneficiarybutton" time="0.164"/>
  <system-out/>
  <testcase classname="anfas_main_classes_for_all_modules.Beneficiary" name="clicknewbeneficiarybutton" time="5.201"/>
  <system-out/>
  <testcase classname="anfas_main_classes_for_all_modules.Beneficiary" name="beneficiary_uploadimage" time="0.172">
    <skipped/>
  </testcase> <!-- beneficiary_uploadimage -->
  <system-out/>
  <testcase classname="anfas_main_classes_for_all_modules.Beneficiary" name="beneficiary_uploadimage" time="0.071">
    <error message="element not interactable
  (Session info: chrome=136.0.7103.114)
Build info: version: &#039;4.15.0&#039;, revision: &#039;1d14b5521b&#039;
System info: os.name: &#039;Mac OS X&#039;, os.arch: &#039;x86_64&#039;, os.version: &#039;11.6&#039;, java.version: &#039;17.0.1&#039;
Driver info: org.openqa.selenium.chrome.ChromeDriver
Command: [d6956abbf125fb85fa3801fb5d58e8cb, sendKeysToElement {id=f.FB2E9E6D9426E8434AE11EE7EF5D9D0B.d.EF692E9FB4563E0B3C470D82C485F631.e.266, value=[Ljava.lang.CharSequence;@52d0f98f}]
Capabilities {acceptInsecureCerts: false, browserName: chrome, browserVersion: 136.0.7103.114, chrome: {chromedriverVersion: 136.0.7103.92 (cb81a4cc5087..., userDataDir: /var/folders/6r/9r64p18s683...}, fedcm:accounts: true, goog:chromeOptions: {debuggerAddress: localhost:51284}, networkConnectionEnabled: false, pageLoadStrategy: normal, platformName: mac, proxy: Proxy(), se:cdp: ws://localhost:51284/devtoo..., se:cdpVersion: 136.0.7103.114, setWindowRect: true, strictFileInteractability: false, timeouts: {implicit: 0, pageLoad: 300000, script: 30000}, unhandledPromptBehavior: dismiss and notify, webauthn:extension:credBlob: true, webauthn:extension:largeBlob: true, webauthn:extension:minPinLength: true, webauthn:extension:prf: true, webauthn:virtualAuthenticators: true}
Element: [[ChromeDriver: chrome on mac (d6956abbf125fb85fa3801fb5d58e8cb)] -&gt; xpath: //*[text()=&#039;Upload Image&#039;]//preceding-sibling::h5//child::img]
Session ID: d6956abbf125fb85fa3801fb5d58e8cb" type="org.openqa.selenium.ElementNotInteractableException">
      <![CDATA[org.openqa.selenium.ElementNotInteractableException: element not interactable
  (Session info: chrome=136.0.7103.114)
Build info: version: '4.15.0', revision: '1d14b5521b'
System info: os.name: 'Mac OS X', os.arch: 'x86_64', os.version: '11.6', java.version: '17.0.1'
Driver info: org.openqa.selenium.chrome.ChromeDriver
Command: [d6956abbf125fb85fa3801fb5d58e8cb, sendKeysToElement {id=f.FB2E9E6D9426E8434AE11EE7EF5D9D0B.d.EF692E9FB4563E0B3C470D82C485F631.e.266, value=[Ljava.lang.CharSequence;@52d0f98f}]
Capabilities {acceptInsecureCerts: false, browserName: chrome, browserVersion: 136.0.7103.114, chrome: {chromedriverVersion: 136.0.7103.92 (cb81a4cc5087..., userDataDir: /var/folders/6r/9r64p18s683...}, fedcm:accounts: true, goog:chromeOptions: {debuggerAddress: localhost:51284}, networkConnectionEnabled: false, pageLoadStrategy: normal, platformName: mac, proxy: Proxy(), se:cdp: ws://localhost:51284/devtoo..., se:cdpVersion: 136.0.7103.114, setWindowRect: true, strictFileInteractability: false, timeouts: {implicit: 0, pageLoad: 300000, script: 30000}, unhandledPromptBehavior: dismiss and notify, webauthn:extension:credBlob: true, webauthn:extension:largeBlob: true, webauthn:extension:minPinLength: true, webauthn:extension:prf: true, webauthn:virtualAuthenticators: true}
Element: [[ChromeDriver: chrome on mac (d6956abbf125fb85fa3801fb5d58e8cb)] -> xpath: //*[text()='Upload Image']//preceding-sibling::h5//child::img]
Session ID: d6956abbf125fb85fa3801fb5d58e8cb
at java.base/jdk.internal.reflect.NativeConstructorAccessorImpl.newInstance0(Native Method)
at java.base/jdk.internal.reflect.NativeConstructorAccessorImpl.newInstance(NativeConstructorAccessorImpl.java:77)
at java.base/jdk.internal.reflect.DelegatingConstructorAccessorImpl.newInstance(DelegatingConstructorAccessorImpl.java:45)
at java.base/java.lang.reflect.Constructor.newInstanceWithCaller(Constructor.java:499)
at java.base/java.lang.reflect.Constructor.newInstance(Constructor.java:480)
at org.openqa.selenium.remote.codec.w3c.W3CHttpResponseCodec.createException(W3CHttpResponseCodec.java:200)
at org.openqa.selenium.remote.codec.w3c.W3CHttpResponseCodec.decode(W3CHttpResponseCodec.java:133)
at org.openqa.selenium.remote.codec.w3c.W3CHttpResponseCodec.decode(W3CHttpResponseCodec.java:52)
at org.openqa.selenium.remote.HttpCommandExecutor.execute(HttpCommandExecutor.java:191)
at org.openqa.selenium.remote.service.DriverCommandExecutor.invokeExecute(DriverCommandExecutor.java:200)
at org.openqa.selenium.remote.service.DriverCommandExecutor.execute(DriverCommandExecutor.java:175)
at org.openqa.selenium.remote.RemoteWebDriver.execute(RemoteWebDriver.java:607)
at org.openqa.selenium.remote.RemoteWebElement.execute(RemoteWebElement.java:224)
at org.openqa.selenium.remote.RemoteWebElement.sendKeys(RemoteWebElement.java:111)
at anfas.reusablekeyboardactions.uploadFile(reusablekeyboardactions.java:97)
at anfas_main_classes_for_all_modules.Beneficiary.beneficiary_uploadimage(Beneficiary.java:283)
at java.base/jdk.internal.reflect.NativeMethodAccessorImpl.invoke0(Native Method)
at java.base/jdk.internal.reflect.NativeMethodAccessorImpl.invoke(NativeMethodAccessorImpl.java:77)
at java.base/jdk.internal.reflect.DelegatingMethodAccessorImpl.invoke(DelegatingMethodAccessorImpl.java:43)
at java.base/java.lang.reflect.Method.invoke(Method.java:568)
at org.testng.internal.invokers.MethodInvocationHelper.invokeMethod(MethodInvocationHelper.java:139)
at org.testng.internal.invokers.TestInvoker.invokeMethod(TestInvoker.java:677)
at org.testng.internal.invokers.TestInvoker.retryFailed(TestInvoker.java:263)
at org.testng.internal.invokers.MethodRunner.runInSequence(MethodRunner.java:62)
at org.testng.internal.invokers.TestInvoker$MethodInvocationAgent.invoke(TestInvoker.java:969)
at org.testng.internal.invokers.TestInvoker.invokeTestMethods(TestInvoker.java:194)
at org.testng.internal.invokers.TestMethodWorker.invokeTestMethods(TestMethodWorker.java:148)
at org.testng.internal.invokers.TestMethodWorker.run(TestMethodWorker.java:128)
at java.base/java.util.concurrent.ThreadPoolExecutor.runWorker(ThreadPoolExecutor.java:1136)
at java.base/java.util.concurrent.ThreadPoolExecutor$Worker.run(ThreadPoolExecutor.java:635)
at java.base/java.lang.Thread.run(Thread.java:833)
]]>
    </error>
  </testcase> <!-- beneficiary_uploadimage -->
  <system-out/>
  <testcase classname="anfas_main_classes_for_all_modules.Beneficiary" name="addname" time="0.214"/>
  <system-out/>
  <testcase classname="anfas_main_classes_for_all_modules.Beneficiary" name="addmobilenumber" time="0.195"/>
  <system-out/>
  <testcase classname="anfas_main_classes_for_all_modules.Beneficiary" name="addemail" time="75.201">
    <skipped/>
  </testcase> <!-- addemail -->
  <system-out/>
</testsuite> <!-- anfas_main_classes_for_all_modules.Beneficiary -->
