<?xml version="1.0" encoding="UTF-8"?>
<!-- Generated by org.testng.reporters.JUnitReportReporter -->
<testsuite hostname="Apples-MacBook-Pro-2.local" failures="0" tests="1" name="uianduxtesting.uianduxformultipleimages" time="62.369" errors="0" timestamp="2025-06-01T00:35:55 IST" skipped="0">
  <testcase classname="uianduxtesting.uianduxformultipleimages" name="pmvsbeneficiarypagecheck" time="62.369"/>
  <system-out/>
</testsuite> <!-- uianduxtesting.uianduxformultipleimages -->
