<?xml version="1.0" encoding="UTF-8"?>
<!-- Generated by org.testng.reporters.JUnitReportReporter -->
<testsuite hostname="Apples-MacBook-Pro.local" failures="0" tests="2" name="uianduxtesting.uianduxformultipleimages" time="76.305" errors="0" timestamp="2025-05-22T00:46:22 IST" skipped="0">
  <testcase classname="uianduxtesting.uianduxformultipleimages" name="pmvsbeneficiarypagecheck" time="54.349"/>
  <system-out/>
  <testcase classname="uianduxtesting.uianduxformultipleimages" name="chvsbeneficiarypagecheck" time="21.956"/>
  <system-out/>
</testsuite> <!-- uianduxtesting.uianduxformultipleimages -->
