<?xml version="1.0" encoding="UTF-8"?>
<!-- Generated by org.testng.reporters.JUnitReportReporter -->
<testsuite hostname="Apples-MacBook-Pro.local" failures="0" tests="1" name="uianduxtesting.classssws" time="59.705" errors="0" timestamp="2025-05-20T19:22:23 IST" skipped="0">
  <testcase classname="uianduxtesting.classssws" name="login" time="59.705"/>
  <system-out/>
</testsuite> <!-- uianduxtesting.classssws -->
