<?xml version="1.0" encoding="UTF-8"?>
<!-- Generated by org.testng.reporters.JUnitReportReporter -->
<testsuite hostname="Apples-MacBook-Pro.local" failures="0" tests="3" name="uianduxtesting.uianduxformultipleimages" time="122.074" errors="0" timestamp="2025-05-26T16:57:59 IST" skipped="0">
  <testcase classname="uianduxtesting.uianduxformultipleimages" name="pmvsbeneficiarypagecheck" time="62.622"/>
  <system-out/>
  <testcase classname="uianduxtesting.uianduxformultipleimages" name="chvsbeneficiarypagecheck" time="29.935"/>
  <system-out/>
  <testcase classname="uianduxtesting.uianduxformultipleimages" name="beneficvsbeneficiarypagecheck" time="29.517"/>
  <system-out/>
</testsuite> <!-- uianduxtesting.uianduxformultipleimages -->
