<?xml version="1.0" encoding="UTF-8"?>
<!-- Generated by org.testng.reporters.JUnitReportReporter -->
<testsuite hostname="Apples-MacBook-Pro.local" failures="0" tests="1" name="organisation_performance.flow1" time="19.185" errors="0" timestamp="2024-10-23T17:56:05 IST" skipped="0">
  <testcase classname="organisation_performance.flow1" name="login" time="19.185"/>
  <system-out/>
</testsuite> <!-- organisation_performance.flow1 -->
